<?xml version="1.0" encoding="UTF-8"?>
<!-- Generated by org.testng.reporters.JUnitReportReporter -->
<testsuite hostname="DESKTOP-AFGMIHQ" failures="0" tests="8" name="com.ActitimeCRM.Testscripts.Demo" time="0.177" errors="0" timestamp="2023-07-22T22:36:34 IST" skipped="1">
  <testcase classname="com.ActitimeCRM.Testscripts.Demo" name="editCustomer" time="0.073">
    <system-out>
      <![CDATA[customer edited]]>
    </system-out>
  </testcase> <!-- editCustomer -->
  <testcase classname="com.ActitimeCRM.Testscripts.Demo" name="createCustomer" time="0.019">
    <system-out>
      <![CDATA[customer created]]>
    </system-out>
  </testcase> <!-- createCustomer -->
  <testcase classname="com.ActitimeCRM.Testscripts.Demo" name="createCustomer" time="0.012">
    <system-out>
      <![CDATA[customer created]]>
    </system-out>
  </testcase> <!-- createCustomer -->
  <testcase classname="com.ActitimeCRM.Testscripts.Demo" name="createCustomer" time="0.019">
    <system-out>
      <![CDATA[customer created]]>
    </system-out>
  </testcase> <!-- createCustomer -->
  <testcase classname="com.ActitimeCRM.Testscripts.Demo" name="createCustomer" time="0.026">
    <system-out>
      <![CDATA[customer created]]>
    </system-out>
  </testcase> <!-- createCustomer -->
  <testcase classname="com.ActitimeCRM.Testscripts.Demo" name="createCustomer" time="0.014">
    <system-out>
      <![CDATA[customer created]]>
    </system-out>
  </testcase> <!-- createCustomer -->
  <testcase classname="com.ActitimeCRM.Testscripts.Demo" name="modifyCustomer" time="0.014">
    <system-out>
      <![CDATA[customer modified]]>
    </system-out>
  </testcase> <!-- modifyCustomer -->
  <testcase classname="com.ActitimeCRM.Testscripts.Demo" name="deleteCustomer">
    <skipped/>
  </testcase> <!-- deleteCustomer -->
  <system-out>
    <![CDATA[customer edited
customer created
customer created
customer created
customer created
customer created
customer modified]]>
  </system-out>
</testsuite> <!-- com.ActitimeCRM.Testscripts.Demo -->
