<?xml version="1.0" encoding="UTF-8"?>
<!-- Generated by org.testng.reporters.JUnitReportReporter -->
<testsuite hostname="DESKTOP-AFGMIHQ" failures="0" tests="1" name="com.ActitimeCRM.Testscripts.CreateCustomer" time="34.039" errors="0" timestamp="2023-07-25T10:01:59 IST" skipped="0">
  <testcase classname="com.ActitimeCRM.Testscripts.CreateCustomer" name="createCustomer" time="34.039"/>
  <system-out>
    <![CDATA[Database connected
Browser is launched sucessfully
Logged in sucessfully
Logout sucessfully
Browser closed sucessfully
database disconnected]]>
  </system-out>
</testsuite> <!-- com.ActitimeCRM.Testscripts.CreateCustomer -->
